[debug] [2025-12-06T01:16:31.386Z] ----------------------------------------------------------------------
[debug] [2025-12-06T01:16:31.388Z] Command:       C:\Program Files\nodejs\node.exe C:\Users\minim\AppData\Roaming\npm\node_modules\firebase-tools\lib\bin\firebase.js init functions
[debug] [2025-12-06T01:16:31.388Z] CLI Version:   14.27.0
[debug] [2025-12-06T01:16:31.388Z] Platform:      win32
[debug] [2025-12-06T01:16:31.388Z] Node Version:  v22.15.1
[debug] [2025-12-06T01:16:31.388Z] Time:          Sat Dec 06 2025 09:16:31 GMT+0800 (Philippine Standard Time)
[debug] [2025-12-06T01:16:31.388Z] ----------------------------------------------------------------------
[debug] 
[debug] [2025-12-06T01:16:31.390Z] >>> [apiv2][query] GET https://firebase-public.firebaseio.com/cli.json [none]
[info] 
     ######## #### ########  ######## ########     ###     ######  ########
     ##        ##  ##     ## ##       ##     ##  ##   ##  ##       ##
     ######    ##  ########  ######   ########  #########  ######  ######
     ##        ##  ##    ##  ##       ##     ## ##     ##       ## ##
     ##       #### ##     ## ######## ########  ##     ##  ######  ########

You're about to initialize a Firebase project in this directory:

  C:\Users\minim\barangay-voting\barangay-system

[debug] [2025-12-06T01:16:31.829Z] <<< [apiv2][status] GET https://firebase-public.firebaseio.com/cli.json 200
[debug] [2025-12-06T01:16:31.829Z] <<< [apiv2][body] GET https://firebase-public.firebaseio.com/cli.json {"cloudBuildErrorAfter":1594252800000,"cloudBuildWarnAfter":1590019200000,"defaultNode10After":1594252800000,"minVersion":"3.0.5","node8DeploysDisabledAfter":1613390400000,"node8RuntimeDisabledAfter":1615809600000,"node8WarnAfter":1600128000000}
[info] 
=== Project Setup
[info] 
[info] First, let's associate this project directory with a Firebase project.
[info] You can create multiple project aliases by running firebase use --add, 
[info] 
